train_scpnet_comp.py
Namespace(config_path='config/semantickitti-multiscan.yaml')
[256 256  32]
No existing model, training model from scratch...
./model_load_dir/
multiscan: 0
multiscan: 0
Dataset w/ label rectification
Dataset w/ label rectification
epoch 0 iter     0, loss: 3.955

epoch 0 iter  1000, loss: 3.191

epoch 0 iter  1916, loss: 3.165

[IOU EVAL] IGNORE:  []
[IOU EVAL] INCLUDE:  [ 0  1  2  3  4  5  6  7  8  9 10 11 12 13 14 15 16 17 18 19]
Validation per class iou: 
IoU class 1 [car] = 0.379
IoU class 2 [bicycle] = 0.020
IoU class 3 [motorcycle] = 0.000
IoU class 4 [truck] = 0.000
IoU class 5 [other-vehicle] = 0.017
IoU class 6 [person] = 0.014
IoU class 7 [bicyclist] = 0.000
IoU class 8 [motorcyclist] = 0.000
IoU class 9 [road] = 0.571
IoU class 10 [parking] = 0.089
IoU class 11 [sidewalk] = 0.313
IoU class 12 [other-ground] = 0.001
IoU class 13 [building] = 0.246
IoU class 14 [fence] = 0.100
IoU class 15 [vegetation] = 0.294
IoU class 16 [trunk] = 0.214
IoU class 17 [terrain] = 0.347
IoU class 18 [pole] = 0.191
IoU class 19 [traffic-sign] = 0.024
Current val completion iou is 0.438
Current val miou is 14.843 while the best val miou is 14.843
Current val loss is 3.038
epoch 1 iter    83, loss: 3.101

epoch 1 iter  1083, loss: 3.112

epoch 1 iter  1916, loss: 3.112

[IOU EVAL] IGNORE:  []
[IOU EVAL] INCLUDE:  [ 0  1  2  3  4  5  6  7  8  9 10 11 12 13 14 15 16 17 18 19]
Validation per class iou: 
IoU class 1 [car] = 0.371
IoU class 2 [bicycle] = 0.013
IoU class 3 [motorcycle] = 0.021
IoU class 4 [truck] = 0.011
IoU class 5 [other-vehicle] = 0.043
IoU class 6 [person] = 0.020
IoU class 7 [bicyclist] = 0.000
IoU class 8 [motorcyclist] = 0.000
IoU class 9 [road] = 0.601
IoU class 10 [parking] = 0.133
IoU class 11 [sidewalk] = 0.322
IoU class 12 [other-ground] = 0.000
IoU class 13 [building] = 0.254
IoU class 14 [fence] = 0.127
IoU class 15 [vegetation] = 0.317
IoU class 16 [trunk] = 0.204
IoU class 17 [terrain] = 0.386
IoU class 18 [pole] = 0.095
IoU class 19 [traffic-sign] = 0.026
Current val completion iou is 0.435
Current val miou is 15.498 while the best val miou is 15.498
Current val loss is 3.020
epoch 2 iter   166, loss: 3.097

epoch 2 iter  1166, loss: 3.096

epoch 2 iter  1916, loss: 3.092

[IOU EVAL] IGNORE:  []
[IOU EVAL] INCLUDE:  [ 0  1  2  3  4  5  6  7  8  9 10 11 12 13 14 15 16 17 18 19]
Validation per class iou: 
IoU class 1 [car] = 0.394
IoU class 2 [bicycle] = 0.049
IoU class 3 [motorcycle] = 0.011
IoU class 4 [truck] = 0.055
IoU class 5 [other-vehicle] = 0.062
IoU class 6 [person] = 0.041
IoU class 7 [bicyclist] = 0.000
IoU class 8 [motorcyclist] = 0.000
IoU class 9 [road] = 0.594
IoU class 10 [parking] = 0.138
IoU class 11 [sidewalk] = 0.333
IoU class 12 [other-ground] = 0.001
IoU class 13 [building] = 0.256
IoU class 14 [fence] = 0.137
IoU class 15 [vegetation] = 0.327
IoU class 16 [trunk] = 0.211
IoU class 17 [terrain] = 0.383
IoU class 18 [pole] = 0.176
IoU class 19 [traffic-sign] = 0.023
Current val completion iou is 0.432
Current val miou is 16.786 while the best val miou is 16.786
Current val loss is 3.016
epoch 3 iter   249, loss: 3.081

epoch 3 iter  1249, loss: 3.081

epoch 3 iter  1916, loss: 3.082

[IOU EVAL] IGNORE:  []
[IOU EVAL] INCLUDE:  [ 0  1  2  3  4  5  6  7  8  9 10 11 12 13 14 15 16 17 18 19]
Validation per class iou: 
IoU class 1 [car] = 0.408
IoU class 2 [bicycle] = 0.070
IoU class 3 [motorcycle] = 0.033
IoU class 4 [truck] = 0.041
IoU class 5 [other-vehicle] = 0.090
IoU class 6 [person] = 0.014
IoU class 7 [bicyclist] = 0.000
IoU class 8 [motorcyclist] = 0.000
IoU class 9 [road] = 0.590
IoU class 10 [parking] = 0.138
IoU class 11 [sidewalk] = 0.305
IoU class 12 [other-ground] = 0.005
IoU class 13 [building] = 0.271
IoU class 14 [fence] = 0.141
IoU class 15 [vegetation] = 0.276
IoU class 16 [trunk] = 0.223
IoU class 17 [terrain] = 0.422
IoU class 18 [pole] = 0.215
IoU class 19 [traffic-sign] = 0.036
Current val completion iou is 0.419
Current val miou is 17.255 while the best val miou is 17.255
Current val loss is 3.024
epoch 4 iter   332, loss: 3.079

epoch 4 iter  1332, loss: 3.078

epoch 4 iter  1916, loss: 3.077

[IOU EVAL] IGNORE:  []
[IOU EVAL] INCLUDE:  [ 0  1  2  3  4  5  6  7  8  9 10 11 12 13 14 15 16 17 18 19]
Validation per class iou: 
IoU class 1 [car] = 0.411
IoU class 2 [bicycle] = 0.081
IoU class 3 [motorcycle] = 0.045
IoU class 4 [truck] = 0.122
IoU class 5 [other-vehicle] = 0.036
IoU class 6 [person] = 0.031
IoU class 7 [bicyclist] = 0.000
IoU class 8 [motorcyclist] = 0.000
IoU class 9 [road] = 0.622
IoU class 10 [parking] = 0.210
IoU class 11 [sidewalk] = 0.359
IoU class 12 [other-ground] = 0.003
IoU class 13 [building] = 0.254
IoU class 14 [fence] = 0.150
IoU class 15 [vegetation] = 0.312
IoU class 16 [trunk] = 0.237
IoU class 17 [terrain] = 0.410
IoU class 18 [pole] = 0.185
IoU class 19 [traffic-sign] = 0.042
Current val completion iou is 0.439
Current val miou is 18.475 while the best val miou is 18.475
Current val loss is 3.014
epoch 5 iter   415, loss: 3.060

epoch 5 iter  1415, loss: 3.071

epoch 5 iter  1916, loss: 3.073

[IOU EVAL] IGNORE:  []
[IOU EVAL] INCLUDE:  [ 0  1  2  3  4  5  6  7  8  9 10 11 12 13 14 15 16 17 18 19]
Validation per class iou: 
IoU class 1 [car] = 0.416
IoU class 2 [bicycle] = 0.089
IoU class 3 [motorcycle] = 0.063
IoU class 4 [truck] = 0.116
IoU class 5 [other-vehicle] = 0.030
IoU class 6 [person] = 0.061
IoU class 7 [bicyclist] = 0.000
IoU class 8 [motorcyclist] = 0.000
IoU class 9 [road] = 0.641
IoU class 10 [parking] = 0.165
IoU class 11 [sidewalk] = 0.393
IoU class 12 [other-ground] = 0.002
IoU class 13 [building] = 0.274
IoU class 14 [fence] = 0.139
IoU class 15 [vegetation] = 0.304
IoU class 16 [trunk] = 0.240
IoU class 17 [terrain] = 0.467
IoU class 18 [pole] = 0.171
IoU class 19 [traffic-sign] = 0.043
Current val completion iou is 0.453
Current val miou is 19.019 while the best val miou is 19.019
Current val loss is 3.032
epoch 6 iter   498, loss: 3.074

epoch 6 iter  1498, loss: 3.070

epoch 6 iter  1916, loss: 3.073

[IOU EVAL] IGNORE:  []
[IOU EVAL] INCLUDE:  [ 0  1  2  3  4  5  6  7  8  9 10 11 12 13 14 15 16 17 18 19]
Validation per class iou: 
IoU class 1 [car] = 0.429
IoU class 2 [bicycle] = 0.078
IoU class 3 [motorcycle] = 0.044
IoU class 4 [truck] = 0.108
IoU class 5 [other-vehicle] = 0.054
IoU class 6 [person] = 0.050
IoU class 7 [bicyclist] = 0.000
IoU class 8 [motorcyclist] = 0.000
IoU class 9 [road] = 0.627
IoU class 10 [parking] = 0.206
IoU class 11 [sidewalk] = 0.369
IoU class 12 [other-ground] = 0.007
IoU class 13 [building] = 0.293
IoU class 14 [fence] = 0.154
IoU class 15 [vegetation] = 0.348
IoU class 16 [trunk] = 0.208
IoU class 17 [terrain] = 0.413
IoU class 18 [pole] = 0.183
IoU class 19 [traffic-sign] = 0.040
Current val completion iou is 0.462
Current val miou is 19.016 while the best val miou is 19.019
Current val loss is 3.023
epoch 7 iter   581, loss: 3.066

epoch 7 iter  1581, loss: 3.065

epoch 7 iter  1916, loss: 3.066

[IOU EVAL] IGNORE:  []
[IOU EVAL] INCLUDE:  [ 0  1  2  3  4  5  6  7  8  9 10 11 12 13 14 15 16 17 18 19]
Validation per class iou: 
IoU class 1 [car] = 0.423
IoU class 2 [bicycle] = 0.141
IoU class 3 [motorcycle] = 0.031
IoU class 4 [truck] = 0.163
IoU class 5 [other-vehicle] = 0.077
IoU class 6 [person] = 0.059
IoU class 7 [bicyclist] = 0.004
IoU class 8 [motorcyclist] = 0.000
IoU class 9 [road] = 0.630
IoU class 10 [parking] = 0.169
IoU class 11 [sidewalk] = 0.392
IoU class 12 [other-ground] = 0.008
IoU class 13 [building] = 0.289
IoU class 14 [fence] = 0.152
IoU class 15 [vegetation] = 0.307
IoU class 16 [trunk] = 0.235
IoU class 17 [terrain] = 0.409
IoU class 18 [pole] = 0.168
IoU class 19 [traffic-sign] = 0.029
Current val completion iou is 0.436
Current val miou is 19.401 while the best val miou is 19.401
Current val loss is 3.023
epoch 8 iter   664, loss: 3.060

epoch 8 iter  1664, loss: 3.063

epoch 8 iter  1916, loss: 3.065

[IOU EVAL] IGNORE:  []
[IOU EVAL] INCLUDE:  [ 0  1  2  3  4  5  6  7  8  9 10 11 12 13 14 15 16 17 18 19]
Validation per class iou: 
IoU class 1 [car] = 0.421
IoU class 2 [bicycle] = 0.105
IoU class 3 [motorcycle] = 0.074
IoU class 4 [truck] = 0.157
IoU class 5 [other-vehicle] = 0.133
IoU class 6 [person] = 0.047
IoU class 7 [bicyclist] = 0.016
IoU class 8 [motorcyclist] = 0.000
IoU class 9 [road] = 0.633
IoU class 10 [parking] = 0.193
IoU class 11 [sidewalk] = 0.385
IoU class 12 [other-ground] = 0.004
IoU class 13 [building] = 0.299
IoU class 14 [fence] = 0.147
IoU class 15 [vegetation] = 0.316
IoU class 16 [trunk] = 0.215
IoU class 17 [terrain] = 0.459
IoU class 18 [pole] = 0.150
IoU class 19 [traffic-sign] = 0.033
Current val completion iou is 0.459
Current val miou is 19.938 while the best val miou is 19.938
Current val loss is 3.030
epoch 9 iter   747, loss: 3.069

epoch 9 iter  1747, loss: 3.065

epoch 9 iter  1916, loss: 3.065

[IOU EVAL] IGNORE:  []
[IOU EVAL] INCLUDE:  [ 0  1  2  3  4  5  6  7  8  9 10 11 12 13 14 15 16 17 18 19]
Validation per class iou: 
IoU class 1 [car] = 0.429
IoU class 2 [bicycle] = 0.116
IoU class 3 [motorcycle] = 0.073
IoU class 4 [truck] = 0.196
IoU class 5 [other-vehicle] = 0.077
IoU class 6 [person] = 0.064
IoU class 7 [bicyclist] = 0.002
IoU class 8 [motorcyclist] = 0.000
IoU class 9 [road] = 0.620
IoU class 10 [parking] = 0.209
IoU class 11 [sidewalk] = 0.385
IoU class 12 [other-ground] = 0.009
IoU class 13 [building] = 0.254
IoU class 14 [fence] = 0.170
IoU class 15 [vegetation] = 0.310
IoU class 16 [trunk] = 0.237
IoU class 17 [terrain] = 0.429
IoU class 18 [pole] = 0.196
IoU class 19 [traffic-sign] = 0.047
Current val completion iou is 0.440
Current val miou is 20.126 while the best val miou is 20.126
Current val loss is 3.027
epoch 10 iter   830, loss: 3.058

epoch 10 iter  1830, loss: 3.060

epoch 10 iter  1916, loss: 3.061

[IOU EVAL] IGNORE:  []
[IOU EVAL] INCLUDE:  [ 0  1  2  3  4  5  6  7  8  9 10 11 12 13 14 15 16 17 18 19]
Validation per class iou: 
IoU class 1 [car] = 0.439
IoU class 2 [bicycle] = 0.129
IoU class 3 [motorcycle] = 0.067
IoU class 4 [truck] = 0.154
IoU class 5 [other-vehicle] = 0.148
IoU class 6 [person] = 0.063
IoU class 7 [bicyclist] = 0.021
IoU class 8 [motorcyclist] = 0.000
IoU class 9 [road] = 0.634
IoU class 10 [parking] = 0.225
IoU class 11 [sidewalk] = 0.405
IoU class 12 [other-ground] = 0.002
IoU class 13 [building] = 0.299
IoU class 14 [fence] = 0.165
IoU class 15 [vegetation] = 0.354
IoU class 16 [trunk] = 0.245
IoU class 17 [terrain] = 0.446
IoU class 18 [pole] = 0.171
IoU class 19 [traffic-sign] = 0.036
Current val completion iou is 0.472
Current val miou is 21.079 while the best val miou is 21.079
Current val loss is 3.025
